<?xml version="1.0" encoding="UTF-8"?>
<testsuite xmlns:xsi="http://www.w3.org/2001/XMLSchema-instance" xsi:noNamespaceSchemaLocation="https://maven.apache.org/surefire/maven-surefire-plugin/xsd/surefire-test-report-3.0.xsd" version="3.0" name="TestSuite" time="160.566" tests="5" errors="0" skipped="0" failures="0">
  <properties>
    <property name="java.specification.version" value="21"/>
    <property name="sun.cpu.isalist" value="amd64"/>
    <property name="sun.jnu.encoding" value="Cp1252"/>
    <property name="testng.Skipped" value="0"/>
    <property name="java.class.path" value="C:\Users\srikar\OneDrive\Desktop\WIPRO\phase 2\seleinum\LUMA\LUMA\target\test-classes;C:\Users\srikar\OneDrive\Desktop\WIPRO\phase 2\seleinum\LUMA\LUMA\target\classes;C:\Users\srikar\.m2\repository\org\seleniumhq\selenium\selenium-java\4.29.0\selenium-java-4.29.0.jar;C:\Users\srikar\.m2\repository\org\seleniumhq\selenium\selenium-api\4.29.0\selenium-api-4.29.0.jar;C:\Users\srikar\.m2\repository\org\jspecify\jspecify\1.0.0\jspecify-1.0.0.jar;C:\Users\srikar\.m2\repository\org\seleniumhq\selenium\selenium-chrome-driver\4.29.0\selenium-chrome-driver-4.29.0.jar;C:\Users\srikar\.m2\repository\com\google\auto\service\auto-service-annotations\1.1.1\auto-service-annotations-1.1.1.jar;C:\Users\srikar\.m2\repository\org\seleniumhq\selenium\selenium-chromium-driver\4.29.0\selenium-chromium-driver-4.29.0.jar;C:\Users\srikar\.m2\repository\org\seleniumhq\selenium\selenium-json\4.29.0\selenium-json-4.29.0.jar;C:\Users\srikar\.m2\repository\org\seleniumhq\selenium\selenium-manager\4.29.0\selenium-manager-4.29.0.jar;C:\Users\srikar\.m2\repository\org\seleniumhq\selenium\selenium-devtools-v131\4.29.0\selenium-devtools-v131-4.29.0.jar;C:\Users\srikar\.m2\repository\org\seleniumhq\selenium\selenium-devtools-v132\4.29.0\selenium-devtools-v132-4.29.0.jar;C:\Users\srikar\.m2\repository\org\seleniumhq\selenium\selenium-devtools-v133\4.29.0\selenium-devtools-v133-4.29.0.jar;C:\Users\srikar\.m2\repository\org\seleniumhq\selenium\selenium-devtools-v85\4.29.0\selenium-devtools-v85-4.29.0.jar;C:\Users\srikar\.m2\repository\org\seleniumhq\selenium\selenium-edge-driver\4.29.0\selenium-edge-driver-4.29.0.jar;C:\Users\srikar\.m2\repository\org\seleniumhq\selenium\selenium-firefox-driver\4.29.0\selenium-firefox-driver-4.29.0.jar;C:\Users\srikar\.m2\repository\org\seleniumhq\selenium\selenium-http\4.29.0\selenium-http-4.29.0.jar;C:\Users\srikar\.m2\repository\org\seleniumhq\selenium\selenium-ie-driver\4.29.0\selenium-ie-driver-4.29.0.jar;C:\Users\srikar\.m2\repository\org\seleniumhq\selenium\selenium-remote-driver\4.29.0\selenium-remote-driver-4.29.0.jar;C:\Users\srikar\.m2\repository\io\opentelemetry\semconv\opentelemetry-semconv\1.28.0-alpha\opentelemetry-semconv-1.28.0-alpha.jar;C:\Users\srikar\.m2\repository\io\opentelemetry\opentelemetry-api\1.46.0\opentelemetry-api-1.46.0.jar;C:\Users\srikar\.m2\repository\io\opentelemetry\opentelemetry-context\1.46.0\opentelemetry-context-1.46.0.jar;C:\Users\srikar\.m2\repository\io\opentelemetry\opentelemetry-exporter-logging\1.46.0\opentelemetry-exporter-logging-1.46.0.jar;C:\Users\srikar\.m2\repository\io\opentelemetry\opentelemetry-sdk-common\1.46.0\opentelemetry-sdk-common-1.46.0.jar;C:\Users\srikar\.m2\repository\io\opentelemetry\opentelemetry-sdk-extension-autoconfigure-spi\1.46.0\opentelemetry-sdk-extension-autoconfigure-spi-1.46.0.jar;C:\Users\srikar\.m2\repository\io\opentelemetry\opentelemetry-sdk-extension-autoconfigure\1.46.0\opentelemetry-sdk-extension-autoconfigure-1.46.0.jar;C:\Users\srikar\.m2\repository\io\opentelemetry\opentelemetry-api-incubator\1.46.0-alpha\opentelemetry-api-incubator-1.46.0-alpha.jar;C:\Users\srikar\.m2\repository\io\opentelemetry\opentelemetry-sdk-trace\1.46.0\opentelemetry-sdk-trace-1.46.0.jar;C:\Users\srikar\.m2\repository\io\opentelemetry\opentelemetry-sdk\1.46.0\opentelemetry-sdk-1.46.0.jar;C:\Users\srikar\.m2\repository\io\opentelemetry\opentelemetry-sdk-metrics\1.46.0\opentelemetry-sdk-metrics-1.46.0.jar;C:\Users\srikar\.m2\repository\io\opentelemetry\opentelemetry-sdk-logs\1.46.0\opentelemetry-sdk-logs-1.46.0.jar;C:\Users\srikar\.m2\repository\net\bytebuddy\byte-buddy\1.15.11\byte-buddy-1.15.11.jar;C:\Users\srikar\.m2\repository\org\seleniumhq\selenium\selenium-os\4.29.0\selenium-os-4.29.0.jar;C:\Users\srikar\.m2\repository\org\apache\commons\commons-exec\1.4.0\commons-exec-1.4.0.jar;C:\Users\srikar\.m2\repository\org\seleniumhq\selenium\selenium-safari-driver\4.29.0\selenium-safari-driver-4.29.0.jar;C:\Users\srikar\.m2\repository\org\seleniumhq\selenium\selenium-support\4.29.0\selenium-support-4.29.0.jar;C:\Users\srikar\.m2\repository\org\apache\poi\poi\5.4.0\poi-5.4.0.jar;C:\Users\srikar\.m2\repository\commons-codec\commons-codec\1.17.1\commons-codec-1.17.1.jar;C:\Users\srikar\.m2\repository\org\apache\commons\commons-collections4\4.4\commons-collections4-4.4.jar;C:\Users\srikar\.m2\repository\org\apache\commons\commons-math3\3.6.1\commons-math3-3.6.1.jar;C:\Users\srikar\.m2\repository\commons-io\commons-io\2.18.0\commons-io-2.18.0.jar;C:\Users\srikar\.m2\repository\com\zaxxer\SparseBitSet\1.3\SparseBitSet-1.3.jar;C:\Users\srikar\.m2\repository\org\apache\logging\log4j\log4j-api\2.24.3\log4j-api-2.24.3.jar;C:\Users\srikar\.m2\repository\org\apache\poi\poi-ooxml\5.4.0\poi-ooxml-5.4.0.jar;C:\Users\srikar\.m2\repository\org\apache\poi\poi-ooxml-lite\5.4.0\poi-ooxml-lite-5.4.0.jar;C:\Users\srikar\.m2\repository\org\apache\xmlbeans\xmlbeans\5.3.0\xmlbeans-5.3.0.jar;C:\Users\srikar\.m2\repository\org\apache\commons\commons-compress\1.27.1\commons-compress-1.27.1.jar;C:\Users\srikar\.m2\repository\org\apache\commons\commons-lang3\3.16.0\commons-lang3-3.16.0.jar;C:\Users\srikar\.m2\repository\com\github\virtuald\curvesapi\1.08\curvesapi-1.08.jar;C:\Users\srikar\.m2\repository\io\cucumber\cucumber-java\7.21.1\cucumber-java-7.21.1.jar;C:\Users\srikar\.m2\repository\org\apiguardian\apiguardian-api\1.1.2\apiguardian-api-1.1.2.jar;C:\Users\srikar\.m2\repository\io\cucumber\cucumber-picocontainer\7.21.1\cucumber-picocontainer-7.21.1.jar;C:\Users\srikar\.m2\repository\org\picocontainer\picocontainer\2.15\picocontainer-2.15.jar;C:\Users\srikar\.m2\repository\io\cucumber\cucumber-core\7.21.1\cucumber-core-7.21.1.jar;C:\Users\srikar\.m2\repository\io\cucumber\cucumber-gherkin-messages\7.21.1\cucumber-gherkin-messages-7.21.1.jar;C:\Users\srikar\.m2\repository\io\cucumber\gherkin\31.0.0\gherkin-31.0.0.jar;C:\Users\srikar\.m2\repository\io\cucumber\messages\27.2.0\messages-27.2.0.jar;C:\Users\srikar\.m2\repository\io\cucumber\testng-xml-formatter\0.3.1\testng-xml-formatter-0.3.1.jar;C:\Users\srikar\.m2\repository\io\cucumber\query\13.2.0\query-13.2.0.jar;C:\Users\srikar\.m2\repository\io\cucumber\tag-expressions\6.1.2\tag-expressions-6.1.2.jar;C:\Users\srikar\.m2\repository\io\cucumber\cucumber-expressions\18.0.1\cucumber-expressions-18.0.1.jar;C:\Users\srikar\.m2\repository\io\cucumber\datatable\7.21.1\datatable-7.21.1.jar;C:\Users\srikar\.m2\repository\io\cucumber\cucumber-plugin\7.21.1\cucumber-plugin-7.21.1.jar;C:\Users\srikar\.m2\repository\io\cucumber\docstring\7.21.1\docstring-7.21.1.jar;C:\Users\srikar\.m2\repository\io\cucumber\html-formatter\21.9.0\html-formatter-21.9.0.jar;C:\Users\srikar\.m2\repository\io\cucumber\junit-xml-formatter\0.7.1\junit-xml-formatter-0.7.1.jar;C:\Users\srikar\.m2\repository\io\cucumber\ci-environment\10.0.1\ci-environment-10.0.1.jar;C:\Users\srikar\.m2\repository\io\cucumber\cucumber-testng\7.21.1\cucumber-testng-7.21.1.jar;C:\Users\srikar\.m2\repository\org\testng\testng\7.10.2\testng-7.10.2.jar;C:\Users\srikar\.m2\repository\com\beust\jcommander\1.82\jcommander-1.82.jar;C:\Users\srikar\.m2\repository\org\webjars\jquery\3.7.1\jquery-3.7.1.jar;C:\Users\srikar\.m2\repository\io\cucumber\cucumber-gherkin\7.21.1\cucumber-gherkin-7.21.1.jar;C:\Users\srikar\.m2\repository\io\qameta\allure\allure-testng\2.29.1\allure-testng-2.29.1.jar;C:\Users\srikar\.m2\repository\io\qameta\allure\allure-java-commons\2.29.1\allure-java-commons-2.29.1.jar;C:\Users\srikar\.m2\repository\io\qameta\allure\allure-model\2.29.1\allure-model-2.29.1.jar;C:\Users\srikar\.m2\repository\io\qameta\allure\allure-test-filter\2.29.1\allure-test-filter-2.29.1.jar;C:\Users\srikar\.m2\repository\com\github\sdrss\reportng\2.7.0\reportng-2.7.0.jar;C:\Users\srikar\.m2\repository\velocity\velocity\1.5\velocity-1.5.jar;C:\Users\srikar\.m2\repository\commons-collections\commons-collections\3.1\commons-collections-3.1.jar;C:\Users\srikar\.m2\repository\commons-lang\commons-lang\2.1\commons-lang-2.1.jar;C:\Users\srikar\.m2\repository\oro\oro\2.0.8\oro-2.0.8.jar;C:\Users\srikar\.m2\repository\com\fasterxml\jackson\core\jackson-core\2.10.1\jackson-core-2.10.1.jar;C:\Users\srikar\.m2\repository\com\fasterxml\jackson\core\jackson-databind\2.12.7.1\jackson-databind-2.12.7.1.jar;C:\Users\srikar\.m2\repository\com\fasterxml\jackson\core\jackson-annotations\2.10.1\jackson-annotations-2.10.1.jar;C:\Users\srikar\.m2\repository\org\slf4j\slf4j-api\1.7.29\slf4j-api-1.7.29.jar;C:\Users\srikar\.m2\repository\com\google\inject\guice\7.0.0\guice-7.0.0.jar;C:\Users\srikar\.m2\repository\jakarta\inject\jakarta.inject-api\2.0.1\jakarta.inject-api-2.0.1.jar;C:\Users\srikar\.m2\repository\aopalliance\aopalliance\1.0\aopalliance-1.0.jar;C:\Users\srikar\.m2\repository\com\google\guava\guava\31.0.1-jre\guava-31.0.1-jre.jar;C:\Users\srikar\.m2\repository\com\google\guava\failureaccess\1.0.1\failureaccess-1.0.1.jar;C:\Users\srikar\.m2\repository\com\google\guava\listenablefuture\9999.0-empty-to-avoid-conflict-with-guava\listenablefuture-9999.0-empty-to-avoid-conflict-with-guava.jar;C:\Users\srikar\.m2\repository\com\google\code\findbugs\jsr305\3.0.2\jsr305-3.0.2.jar;C:\Users\srikar\.m2\repository\org\checkerframework\checker-qual\3.12.0\checker-qual-3.12.0.jar;C:\Users\srikar\.m2\repository\com\google\errorprone\error_prone_annotations\2.7.1\error_prone_annotations-2.7.1.jar;C:\Users\srikar\.m2\repository\com\google\j2objc\j2objc-annotations\1.3\j2objc-annotations-1.3.jar;C:\Users\srikar\.m2\repository\com\aventstack\extentreports\5.1.2\extentreports-5.1.2.jar;C:\Users\srikar\.m2\repository\io\reactivex\rxjava3\rxjava\3.1.6\rxjava-3.1.6.jar;C:\Users\srikar\.m2\repository\org\reactivestreams\reactive-streams\1.0.4\reactive-streams-1.0.4.jar;C:\Users\srikar\.m2\repository\org\freemarker\freemarker\2.3.32\freemarker-2.3.32.jar;C:\Users\srikar\.m2\repository\org\projectlombok\lombok\1.18.26\lombok-1.18.26.jar;C:\Users\srikar\.m2\repository\com\google\code\gson\gson\2.10.1\gson-2.10.1.jar;"/>
    <property name="java.vm.vendor" value="Oracle Corporation"/>
    <property name="sun.arch.data.model" value="64"/>
    <property name="user.variant" value=""/>
    <property name="java.vendor.url" value="https://java.oracle.com/"/>
    <property name="user.timezone" value="Asia/Calcutta"/>
    <property name="os.name" value="Windows 11"/>
    <property name="java.vm.specification.version" value="21"/>
    <property name="sun.java.launcher" value="SUN_STANDARD"/>
    <property name="user.country" value="IN"/>
    <property name="sun.boot.library.path" value="C:\Program Files\Java\jdk-21\bin"/>
    <property name="sun.java.command" value="C:\Users\srikar\AppData\Local\Temp\surefire15062662725863907053\surefirebooter18445076079605260190.jar C:\Users\srikar\AppData\Local\Temp\surefire15062662725863907053 2025-03-26T09-39-36_092-jvmRun1 surefire16198146797318581810tmp surefire_017069396701299126716tmp"/>
    <property name="jdk.debug" value="release"/>
    <property name="surefire.test.class.path" value="C:\Users\srikar\OneDrive\Desktop\WIPRO\phase 2\seleinum\LUMA\LUMA\target\test-classes;C:\Users\srikar\OneDrive\Desktop\WIPRO\phase 2\seleinum\LUMA\LUMA\target\classes;C:\Users\srikar\.m2\repository\org\seleniumhq\selenium\selenium-java\4.29.0\selenium-java-4.29.0.jar;C:\Users\srikar\.m2\repository\org\seleniumhq\selenium\selenium-api\4.29.0\selenium-api-4.29.0.jar;C:\Users\srikar\.m2\repository\org\jspecify\jspecify\1.0.0\jspecify-1.0.0.jar;C:\Users\srikar\.m2\repository\org\seleniumhq\selenium\selenium-chrome-driver\4.29.0\selenium-chrome-driver-4.29.0.jar;C:\Users\srikar\.m2\repository\com\google\auto\service\auto-service-annotations\1.1.1\auto-service-annotations-1.1.1.jar;C:\Users\srikar\.m2\repository\org\seleniumhq\selenium\selenium-chromium-driver\4.29.0\selenium-chromium-driver-4.29.0.jar;C:\Users\srikar\.m2\repository\org\seleniumhq\selenium\selenium-json\4.29.0\selenium-json-4.29.0.jar;C:\Users\srikar\.m2\repository\org\seleniumhq\selenium\selenium-manager\4.29.0\selenium-manager-4.29.0.jar;C:\Users\srikar\.m2\repository\org\seleniumhq\selenium\selenium-devtools-v131\4.29.0\selenium-devtools-v131-4.29.0.jar;C:\Users\srikar\.m2\repository\org\seleniumhq\selenium\selenium-devtools-v132\4.29.0\selenium-devtools-v132-4.29.0.jar;C:\Users\srikar\.m2\repository\org\seleniumhq\selenium\selenium-devtools-v133\4.29.0\selenium-devtools-v133-4.29.0.jar;C:\Users\srikar\.m2\repository\org\seleniumhq\selenium\selenium-devtools-v85\4.29.0\selenium-devtools-v85-4.29.0.jar;C:\Users\srikar\.m2\repository\org\seleniumhq\selenium\selenium-edge-driver\4.29.0\selenium-edge-driver-4.29.0.jar;C:\Users\srikar\.m2\repository\org\seleniumhq\selenium\selenium-firefox-driver\4.29.0\selenium-firefox-driver-4.29.0.jar;C:\Users\srikar\.m2\repository\org\seleniumhq\selenium\selenium-http\4.29.0\selenium-http-4.29.0.jar;C:\Users\srikar\.m2\repository\org\seleniumhq\selenium\selenium-ie-driver\4.29.0\selenium-ie-driver-4.29.0.jar;C:\Users\srikar\.m2\repository\org\seleniumhq\selenium\selenium-remote-driver\4.29.0\selenium-remote-driver-4.29.0.jar;C:\Users\srikar\.m2\repository\io\opentelemetry\semconv\opentelemetry-semconv\1.28.0-alpha\opentelemetry-semconv-1.28.0-alpha.jar;C:\Users\srikar\.m2\repository\io\opentelemetry\opentelemetry-api\1.46.0\opentelemetry-api-1.46.0.jar;C:\Users\srikar\.m2\repository\io\opentelemetry\opentelemetry-context\1.46.0\opentelemetry-context-1.46.0.jar;C:\Users\srikar\.m2\repository\io\opentelemetry\opentelemetry-exporter-logging\1.46.0\opentelemetry-exporter-logging-1.46.0.jar;C:\Users\srikar\.m2\repository\io\opentelemetry\opentelemetry-sdk-common\1.46.0\opentelemetry-sdk-common-1.46.0.jar;C:\Users\srikar\.m2\repository\io\opentelemetry\opentelemetry-sdk-extension-autoconfigure-spi\1.46.0\opentelemetry-sdk-extension-autoconfigure-spi-1.46.0.jar;C:\Users\srikar\.m2\repository\io\opentelemetry\opentelemetry-sdk-extension-autoconfigure\1.46.0\opentelemetry-sdk-extension-autoconfigure-1.46.0.jar;C:\Users\srikar\.m2\repository\io\opentelemetry\opentelemetry-api-incubator\1.46.0-alpha\opentelemetry-api-incubator-1.46.0-alpha.jar;C:\Users\srikar\.m2\repository\io\opentelemetry\opentelemetry-sdk-trace\1.46.0\opentelemetry-sdk-trace-1.46.0.jar;C:\Users\srikar\.m2\repository\io\opentelemetry\opentelemetry-sdk\1.46.0\opentelemetry-sdk-1.46.0.jar;C:\Users\srikar\.m2\repository\io\opentelemetry\opentelemetry-sdk-metrics\1.46.0\opentelemetry-sdk-metrics-1.46.0.jar;C:\Users\srikar\.m2\repository\io\opentelemetry\opentelemetry-sdk-logs\1.46.0\opentelemetry-sdk-logs-1.46.0.jar;C:\Users\srikar\.m2\repository\net\bytebuddy\byte-buddy\1.15.11\byte-buddy-1.15.11.jar;C:\Users\srikar\.m2\repository\org\seleniumhq\selenium\selenium-os\4.29.0\selenium-os-4.29.0.jar;C:\Users\srikar\.m2\repository\org\apache\commons\commons-exec\1.4.0\commons-exec-1.4.0.jar;C:\Users\srikar\.m2\repository\org\seleniumhq\selenium\selenium-safari-driver\4.29.0\selenium-safari-driver-4.29.0.jar;C:\Users\srikar\.m2\repository\org\seleniumhq\selenium\selenium-support\4.29.0\selenium-support-4.29.0.jar;C:\Users\srikar\.m2\repository\org\apache\poi\poi\5.4.0\poi-5.4.0.jar;C:\Users\srikar\.m2\repository\commons-codec\commons-codec\1.17.1\commons-codec-1.17.1.jar;C:\Users\srikar\.m2\repository\org\apache\commons\commons-collections4\4.4\commons-collections4-4.4.jar;C:\Users\srikar\.m2\repository\org\apache\commons\commons-math3\3.6.1\commons-math3-3.6.1.jar;C:\Users\srikar\.m2\repository\commons-io\commons-io\2.18.0\commons-io-2.18.0.jar;C:\Users\srikar\.m2\repository\com\zaxxer\SparseBitSet\1.3\SparseBitSet-1.3.jar;C:\Users\srikar\.m2\repository\org\apache\logging\log4j\log4j-api\2.24.3\log4j-api-2.24.3.jar;C:\Users\srikar\.m2\repository\org\apache\poi\poi-ooxml\5.4.0\poi-ooxml-5.4.0.jar;C:\Users\srikar\.m2\repository\org\apache\poi\poi-ooxml-lite\5.4.0\poi-ooxml-lite-5.4.0.jar;C:\Users\srikar\.m2\repository\org\apache\xmlbeans\xmlbeans\5.3.0\xmlbeans-5.3.0.jar;C:\Users\srikar\.m2\repository\org\apache\commons\commons-compress\1.27.1\commons-compress-1.27.1.jar;C:\Users\srikar\.m2\repository\org\apache\commons\commons-lang3\3.16.0\commons-lang3-3.16.0.jar;C:\Users\srikar\.m2\repository\com\github\virtuald\curvesapi\1.08\curvesapi-1.08.jar;C:\Users\srikar\.m2\repository\io\cucumber\cucumber-java\7.21.1\cucumber-java-7.21.1.jar;C:\Users\srikar\.m2\repository\org\apiguardian\apiguardian-api\1.1.2\apiguardian-api-1.1.2.jar;C:\Users\srikar\.m2\repository\io\cucumber\cucumber-picocontainer\7.21.1\cucumber-picocontainer-7.21.1.jar;C:\Users\srikar\.m2\repository\org\picocontainer\picocontainer\2.15\picocontainer-2.15.jar;C:\Users\srikar\.m2\repository\io\cucumber\cucumber-core\7.21.1\cucumber-core-7.21.1.jar;C:\Users\srikar\.m2\repository\io\cucumber\cucumber-gherkin-messages\7.21.1\cucumber-gherkin-messages-7.21.1.jar;C:\Users\srikar\.m2\repository\io\cucumber\gherkin\31.0.0\gherkin-31.0.0.jar;C:\Users\srikar\.m2\repository\io\cucumber\messages\27.2.0\messages-27.2.0.jar;C:\Users\srikar\.m2\repository\io\cucumber\testng-xml-formatter\0.3.1\testng-xml-formatter-0.3.1.jar;C:\Users\srikar\.m2\repository\io\cucumber\query\13.2.0\query-13.2.0.jar;C:\Users\srikar\.m2\repository\io\cucumber\tag-expressions\6.1.2\tag-expressions-6.1.2.jar;C:\Users\srikar\.m2\repository\io\cucumber\cucumber-expressions\18.0.1\cucumber-expressions-18.0.1.jar;C:\Users\srikar\.m2\repository\io\cucumber\datatable\7.21.1\datatable-7.21.1.jar;C:\Users\srikar\.m2\repository\io\cucumber\cucumber-plugin\7.21.1\cucumber-plugin-7.21.1.jar;C:\Users\srikar\.m2\repository\io\cucumber\docstring\7.21.1\docstring-7.21.1.jar;C:\Users\srikar\.m2\repository\io\cucumber\html-formatter\21.9.0\html-formatter-21.9.0.jar;C:\Users\srikar\.m2\repository\io\cucumber\junit-xml-formatter\0.7.1\junit-xml-formatter-0.7.1.jar;C:\Users\srikar\.m2\repository\io\cucumber\ci-environment\10.0.1\ci-environment-10.0.1.jar;C:\Users\srikar\.m2\repository\io\cucumber\cucumber-testng\7.21.1\cucumber-testng-7.21.1.jar;C:\Users\srikar\.m2\repository\org\testng\testng\7.10.2\testng-7.10.2.jar;C:\Users\srikar\.m2\repository\com\beust\jcommander\1.82\jcommander-1.82.jar;C:\Users\srikar\.m2\repository\org\webjars\jquery\3.7.1\jquery-3.7.1.jar;C:\Users\srikar\.m2\repository\io\cucumber\cucumber-gherkin\7.21.1\cucumber-gherkin-7.21.1.jar;C:\Users\srikar\.m2\repository\io\qameta\allure\allure-testng\2.29.1\allure-testng-2.29.1.jar;C:\Users\srikar\.m2\repository\io\qameta\allure\allure-java-commons\2.29.1\allure-java-commons-2.29.1.jar;C:\Users\srikar\.m2\repository\io\qameta\allure\allure-model\2.29.1\allure-model-2.29.1.jar;C:\Users\srikar\.m2\repository\io\qameta\allure\allure-test-filter\2.29.1\allure-test-filter-2.29.1.jar;C:\Users\srikar\.m2\repository\com\github\sdrss\reportng\2.7.0\reportng-2.7.0.jar;C:\Users\srikar\.m2\repository\velocity\velocity\1.5\velocity-1.5.jar;C:\Users\srikar\.m2\repository\commons-collections\commons-collections\3.1\commons-collections-3.1.jar;C:\Users\srikar\.m2\repository\commons-lang\commons-lang\2.1\commons-lang-2.1.jar;C:\Users\srikar\.m2\repository\oro\oro\2.0.8\oro-2.0.8.jar;C:\Users\srikar\.m2\repository\com\fasterxml\jackson\core\jackson-core\2.10.1\jackson-core-2.10.1.jar;C:\Users\srikar\.m2\repository\com\fasterxml\jackson\core\jackson-databind\2.12.7.1\jackson-databind-2.12.7.1.jar;C:\Users\srikar\.m2\repository\com\fasterxml\jackson\core\jackson-annotations\2.10.1\jackson-annotations-2.10.1.jar;C:\Users\srikar\.m2\repository\org\slf4j\slf4j-api\1.7.29\slf4j-api-1.7.29.jar;C:\Users\srikar\.m2\repository\com\google\inject\guice\7.0.0\guice-7.0.0.jar;C:\Users\srikar\.m2\repository\jakarta\inject\jakarta.inject-api\2.0.1\jakarta.inject-api-2.0.1.jar;C:\Users\srikar\.m2\repository\aopalliance\aopalliance\1.0\aopalliance-1.0.jar;C:\Users\srikar\.m2\repository\com\google\guava\guava\31.0.1-jre\guava-31.0.1-jre.jar;C:\Users\srikar\.m2\repository\com\google\guava\failureaccess\1.0.1\failureaccess-1.0.1.jar;C:\Users\srikar\.m2\repository\com\google\guava\listenablefuture\9999.0-empty-to-avoid-conflict-with-guava\listenablefuture-9999.0-empty-to-avoid-conflict-with-guava.jar;C:\Users\srikar\.m2\repository\com\google\code\findbugs\jsr305\3.0.2\jsr305-3.0.2.jar;C:\Users\srikar\.m2\repository\org\checkerframework\checker-qual\3.12.0\checker-qual-3.12.0.jar;C:\Users\srikar\.m2\repository\com\google\errorprone\error_prone_annotations\2.7.1\error_prone_annotations-2.7.1.jar;C:\Users\srikar\.m2\repository\com\google\j2objc\j2objc-annotations\1.3\j2objc-annotations-1.3.jar;C:\Users\srikar\.m2\repository\com\aventstack\extentreports\5.1.2\extentreports-5.1.2.jar;C:\Users\srikar\.m2\repository\io\reactivex\rxjava3\rxjava\3.1.6\rxjava-3.1.6.jar;C:\Users\srikar\.m2\repository\org\reactivestreams\reactive-streams\1.0.4\reactive-streams-1.0.4.jar;C:\Users\srikar\.m2\repository\org\freemarker\freemarker\2.3.32\freemarker-2.3.32.jar;C:\Users\srikar\.m2\repository\org\projectlombok\lombok\1.18.26\lombok-1.18.26.jar;C:\Users\srikar\.m2\repository\com\google\code\gson\gson\2.10.1\gson-2.10.1.jar;"/>
    <property name="sun.cpu.endian" value="little"/>
    <property name="user.home" value="C:\Users\srikar"/>
    <property name="user.language" value="en"/>
    <property name="java.specification.vendor" value="Oracle Corporation"/>
    <property name="java.version.date" value="2025-01-21"/>
    <property name="java.home" value="C:\Program Files\Java\jdk-21"/>
    <property name="file.separator" value="\"/>
    <property name="basedir" value="C:\Users\srikar\OneDrive\Desktop\WIPRO\phase 2\seleinum\LUMA\LUMA"/>
    <property name="style.color" value="always"/>
    <property name="java.vm.compressedOopsMode" value="32-bit"/>
    <property name="line.separator" value="&#10;"/>
    <property name="testng.Failed" value="0"/>
    <property name="java.vm.specification.vendor" value="Oracle Corporation"/>
    <property name="java.specification.name" value="Java Platform API Specification"/>
    <property name="surefire.real.class.path" value="C:\Users\srikar\AppData\Local\Temp\surefire15062662725863907053\surefirebooter18445076079605260190.jar"/>
    <property name="user.script" value=""/>
    <property name="sun.management.compiler" value="HotSpot 64-Bit Tiered Compilers"/>
    <property name="java.runtime.version" value="21.0.6+8-LTS-188"/>
    <property name="user.name" value="srikar"/>
    <property name="stdout.encoding" value="Cp1252"/>
    <property name="path.separator" value=";"/>
    <property name="os.version" value="10.0"/>
    <property name="testng.KnownDefect" value="0"/>
    <property name="java.runtime.name" value="Java(TM) SE Runtime Environment"/>
    <property name="file.encoding" value="UTF-8"/>
    <property name="testng.Fixed" value="0"/>
    <property name="java.vm.name" value="Java HotSpot(TM) 64-Bit Server VM"/>
    <property name="localRepository" value="C:\Users\srikar\.m2\repository"/>
    <property name="java.vendor.url.bug" value="https://bugreport.java.com/bugreport/"/>
    <property name="java.io.tmpdir" value="C:\Users\srikar\AppData\Local\Temp\"/>
    <property name="java.version" value="21.0.6"/>
    <property name="user.dir" value="C:\Users\srikar\OneDrive\Desktop\WIPRO\phase 2\seleinum\LUMA\LUMA"/>
    <property name="os.arch" value="amd64"/>
    <property name="java.vm.specification.name" value="Java Virtual Machine Specification"/>
    <property name="sun.os.patch.level" value=""/>
    <property name="native.encoding" value="Cp1252"/>
    <property name="java.library.path" value="C:\Program Files\Java\jdk-21\bin;C:\WINDOWS\Sun\Java\bin;C:\WINDOWS\system32;C:\WINDOWS;C:/Users/srikar/.p2/pool/plugins/org.eclipse.justj.openjdk.hotspot.jre.full.win32.x86_64_23.0.0.v20240919-1706/jre/bin/server;C:/Users/srikar/.p2/pool/plugins/org.eclipse.justj.openjdk.hotspot.jre.full.win32.x86_64_23.0.0.v20240919-1706/jre/bin;C:\Program Files\Common Files\Oracle\Java\javapath;D:\oracle\product\10.2.0\db_1\bin;C:\Program Files (x86)\Common Files\Oracle\Java\javapath;C:\Program Files (x86)\Common Files;C:\Program Files\Java\jdk1.8.0_121\bin;C:\Program Files\Java\jre1.8.0_121\bin;C:\WINDOWS\system32;C:\WINDOWS;C:\WINDOWS\System32\Wbem;C:\WINDOWS\System32\WindowsPowerShell\v1.0\;C:\WINDOWS\System32\OpenSSH\;C:\Program Files\HP\HP One Agent;C:\Program Files\Java\jdk1.8.0_91\bin;C:\Program Files\Git\cmd;C:\Program Files\nodejs\;C:\WINDOWS\system32;C:\WINDOWS;C:\WINDOWS\System32\Wbem;C:\WINDOWS\System32\WindowsPowerShell\v1.0\;C:\WINDOWS\System32\OpenSSH\;C:\Program Files\Java\jdk-23\bin;C:\Users\srikar\OneDrive\Desktop\WIPRO\phase 2\allure-2.33.0\allure-2.33.0\bin;D:\maven\apache-maven-3.9.9;C:\Users\srikar\AppData\Local\Programs\Python\Python311\Scripts\;C:\Users\srikar\AppData\Local\Programs\Python\Python311\;C:\Program Files\Java\jdk1.8.0_121\bin;C:\Users\srikar\AppData\Local\Microsoft\WindowsApps;C:\Users\srikar\AppData\Local\Programs\Microsoft VS Code\bin;C:\Users\srikar\AppData\Roaming\npm;C:\Program Files\Java\jdk-23\bin;;C:\Users\srikar\OneDrive\Desktop;;."/>
    <property name="java.vm.info" value="mixed mode, sharing"/>
    <property name="stderr.encoding" value="Cp1252"/>
    <property name="java.vendor" value="Oracle Corporation"/>
    <property name="java.vm.version" value="21.0.6+8-LTS-188"/>
    <property name="sun.io.unicode.encoding" value="UnicodeLittle"/>
    <property name="testng.Passed" value="5"/>
    <property name="java.class.version" value="65.0"/>
  </properties>
  <testcase name="runScenario[&quot;To check the Creating New Customer Account page with valid and invalid data&quot;, &quot;Checking User Registration&quot;](1)" classname="com.LUMA.testRunner.LumaUserRegestrationTestRunner" time="19.673">
    <system-out><![CDATA[
Scenario Outline: To check the Creating New Customer Account page with valid and invalid data                                     &amp#27;[90m# src/test/resources/com.Luma.Feature/1s_UserRegistration.feature:20&amp#27;[0m
chrome Browser launched successfully
  &amp#27;[32mGiven &amp#27;[0m&amp#27;[32mUser opens the browser&amp#27;[0m                                                                                                    &amp#27;[90m# com.LUMA.stepDefinitions.UserRegestritionStepDefination.user_opens_the_browser()&amp#27;[0m
Navigated to: https://magento.softwaretestingboard.com/ 
  &amp#27;[32mAnd &amp#27;[0m&amp#27;[32mUser navigates to the application URL &amp#27;[0m&amp#27;[32m&amp#27;[1m"https://magento.softwaretestingboard.com/"&amp#27;[0m                                           &amp#27;[90m# com.LUMA.stepDefinitions.UserRegestritionStepDefination.user_navigates_to_the_application_url(java.lang.String)&amp#27;[0m
Clicked on Create New Account link
  &amp#27;[32mWhen &amp#27;[0m&amp#27;[32mUser clicks the link Create an account&amp#27;[0m                                                                                     &amp#27;[90m# com.LUMA.stepDefinitions.UserRegestritionStepDefination.user_clicks_the_link_create_an_account()&amp#27;[0m
Entered First Name: srikar
  &amp#27;[32mAnd &amp#27;[0m&amp#27;[32mUser enters the valid &amp#27;[0m&amp#27;[32m&amp#27;[1m'srikar'&amp#27;[0m&amp#27;[32m in firstname textbox&amp#27;[0m                                                                         &amp#27;[90m# com.LUMA.stepDefinitions.UserRegestritionStepDefination.user_enters_the_valid_in_firstname_textbox(java.lang.String)&amp#27;[0m
Entered Last Name: suggu
  &amp#27;[32mAnd &amp#27;[0m&amp#27;[32mUser enters the valid &amp#27;[0m&amp#27;[32m&amp#27;[1m'suggu'&amp#27;[0m&amp#27;[32m in lastname textbox&amp#27;[0m                                                                           &amp#27;[90m# com.LUMA.stepDefinitions.UserRegestritionStepDefination.user_enters_the_valid_in_lastname_textbox(java.lang.String)&amp#27;[0m
Entered Email: fgguwey
  &amp#27;[32mAnd &amp#27;[0m&amp#27;[32mUser enters the invalid &amp#27;[0m&amp#27;[32m&amp#27;[1m'fgguwey'&amp#27;[0m&amp#27;[32m in email textbox&amp#27;[0m                                                                          &amp#27;[90m# com.LUMA.stepDefinitions.UserRegestritionStepDefination.user_enters_the_invalid_in_email_textbox(java.lang.String)&amp#27;[0m
Entered Password
  &amp#27;[32mAnd &amp#27;[0m&amp#27;[32mUser enters the valid &amp#27;[0m&amp#27;[32m&amp#27;[1m'Pass@1234'&amp#27;[0m&amp#27;[32m in password textbox&amp#27;[0m                                                                       &amp#27;[90m# com.LUMA.stepDefinitions.UserRegestritionStepDefination.user_enters_the_valid_in_password_textbox(java.lang.String)&amp#27;[0m
Entered Confirm Password
  &amp#27;[32mAnd &amp#27;[0m&amp#27;[32mUser enters the valid &amp#27;[0m&amp#27;[32m&amp#27;[1m'Pass@1234'&amp#27;[0m&amp#27;[32m in confirm password textbox&amp#27;[0m                                                               &amp#27;[90m# com.LUMA.stepDefinitions.UserRegestritionStepDefination.user_enters_the_valid_in_confirm_password_textbox(java.lang.String)&amp#27;[0m
Clicked Create an Account
  &amp#27;[32mAnd &amp#27;[0m&amp#27;[32mUser clicks the Create an account button&amp#27;[0m                                                                                    &amp#27;[90m# com.LUMA.stepDefinitions.UserRegestritionStepDefination.user_clicks_the_create_an_account_button()&amp#27;[0m
Email Error Message: Please enter a valid email address (Ex: johndoe@domain.com).
  &amp#27;[32mThen &amp#27;[0m&amp#27;[32mUser verifies the &amp#27;[0m&amp#27;[32m&amp#27;[1m'Please enter a valid email address (Ex: johndoe@domain.com).'&amp#27;[0m&amp#27;[32m message displayed under the email textbox&amp#27;[0m &amp#27;[90m# com.LUMA.stepDefinitions.UserRegestritionStepDefination.user_verifies_the_message_displayed_under_the_email_textbox(java.lang.String)&amp#27;[0m
Entered Email: srikarsugu43@gmail.com
  &amp#27;[32mWhen &amp#27;[0m&amp#27;[32mUser re-enters the email with valid data &amp#27;[0m&amp#27;[32m&amp#27;[1m'srikarsugu43@gmail.com'&amp#27;[0m                                                          &amp#27;[90m# com.LUMA.stepDefinitions.UserRegestritionStepDefination.user_re_enters_the_email_with_valid_data(java.lang.String)&amp#27;[0m
Clicked Create an Account
  &amp#27;[32mAnd &amp#27;[0m&amp#27;[32mUser clicks the Create an account button&amp#27;[0m                                                                                    &amp#27;[90m# com.LUMA.stepDefinitions.UserRegestritionStepDefination.user_clicks_the_create_an_account_button()&amp#27;[0m
  &amp#27;[32mThen &amp#27;[0m&amp#27;[32mUser verifies thank you &amp#27;[0m&amp#27;[32m&amp#27;[1m'Thank you for registering with Main Website Store.'&amp#27;[0m&amp#27;[32m in the next page&amp#27;[0m                              &amp#27;[90m# com.LUMA.stepDefinitions.UserRegestritionStepDefination.user_verifies_thank_you_in_the_next_page(java.lang.String)&amp#27;[0m
Browser closed successfully
]]></system-out>
    <system-err><![CDATA[SLF4J: Failed to load class "org.slf4j.impl.StaticLoggerBinder".
SLF4J: Defaulting to no-operation (NOP) logger implementation
SLF4J: See http://www.slf4j.org/codes.html#StaticLoggerBinder for further details.
Mar 26, 2025 9:39:45 AM org.openqa.selenium.devtools.CdpVersionFinder findNearestMatch
WARNING: Unable to find an exact match for CDP version 134, returning the closest version; found: 133; Please update to a Selenium version that supports CDP version 134
]]></system-err>
  </testcase>
  <testcase name="runScenario[&quot;To check the Sign In functionality, auto-suggestion feature in search, and addition of product to the cart&quot;, &quot;Checking Login, Product Search, and Adding Product to Cart&quot;](2)" classname="com.LUMA.testRunner.LumaUserRegestrationTestRunner" time="31.346">
    <system-out><![CDATA[
Scenario Outline: To check the Sign In functionality, auto-suggestion feature in search, and addition of product to the cart              &amp#27;[90m# src/test/resources/com.Luma.Feature/2s_login_and_product_search.feature:20&amp#27;[0m
chrome Browser launched successfully
  &amp#27;[32mGiven &amp#27;[0m&amp#27;[32mUser opens the browser&amp#27;[0m                                                                                                            &amp#27;[90m# com.LUMA.stepDefinitions.UserRegestritionStepDefination.user_opens_the_browser()&amp#27;[0m
Navigated to: https://magento.softwaretestingboard.com/ 
  &amp#27;[32mAnd &amp#27;[0m&amp#27;[32mUser navigates to the application URL &amp#27;[0m&amp#27;[32m&amp#27;[1m"https://magento.softwaretestingboard.com/"&amp#27;[0m                                                   &amp#27;[90m# com.LUMA.stepDefinitions.UserRegestritionStepDefination.user_navigates_to_the_application_url(java.lang.String)&amp#27;[0m
Clicked on Sign In link
  &amp#27;[32mWhen &amp#27;[0m&amp#27;[32mUser clicks the &amp#27;[0m&amp#27;[32m&amp#27;[1m"Sign In"&amp#27;[0m&amp#27;[32m link on the homepage&amp#27;[0m                                                                                     &amp#27;[90m# com.LUMA.stepDefinitions.ProductSearchAddToCartStepDefenation.user_clicks_the_link_on_the_homepage(java.lang.String)&amp#27;[0m
2025-03-26T04:10:11.102041700Z main ERROR Log4j API could not find a logging provider.
  &amp#27;[32mAnd &amp#27;[0m&amp#27;[32mUser enters the valid Login Credentials&amp#27;[0m                                                                                             &amp#27;[90m# com.LUMA.stepDefinitions.ProductSearchAddToCartStepDefenation.user_enters_the_valid_login_credentials(io.cucumber.datatable.DataTable)&amp#27;[0m
    | ExcelData.xlsx |
  &amp#27;[32mAnd &amp#27;[0m&amp#27;[32mUser clicks the &amp#27;[0m&amp#27;[32m&amp#27;[1m"Sign In"&amp#27;[0m&amp#27;[32m button&amp#27;[0m                                                                                                    &amp#27;[90m# com.LUMA.stepDefinitions.SignINStepdefination.user_clicks_the_button(java.lang.String)&amp#27;[0m
Entered search query: jacket
  &amp#27;[32mAnd &amp#27;[0m&amp#27;[32mUser enters the data &amp#27;[0m&amp#27;[32m&amp#27;[1m"jacket"&amp#27;[0m&amp#27;[32m in the search textbox&amp#27;[0m                                                                                 &amp#27;[90m# com.LUMA.stepDefinitions.ProductSearchAddToCartStepDefenation.user_enters_the_data_in_the_search_textbox(java.lang.String)&amp#27;[0m
jacket
Jacket for men
  &amp#27;[32mAnd &amp#27;[0m&amp#27;[32mUser selects jackets for men from the auto-suggestion list  &amp#27;[0m&amp#27;[32m&amp#27;[1m'Jacket for men'&amp#27;[0m                                                        &amp#27;[90m# com.LUMA.stepDefinitions.ProductSearchAddToCartStepDefenation.user_selects_jackets_for_men_from_the_auto_suggestion_list(java.lang.String)&amp#27;[0m
Found suggestion: Adrienne Trek Jacket
Found suggestion: Inez Full Zip Jacket
Found suggestion: Riona Full Zip Jacket
Found suggestion: Josie Yoga Jacket
Found suggestion: Typhon Performance Fleece-lined Jacket
Product found and clicked: Typhon Performance Fleece-lined Jacket
  &amp#27;[32mAnd &amp#27;[0m&amp#27;[32mUser clicks on the &amp#27;[0m&amp#27;[32m&amp#27;[1m'Typhon Performance Fleece-lined Jacket'&amp#27;[0m&amp#27;[32m  from the search results&amp#27;[0m                                                &amp#27;[90m# com.LUMA.stepDefinitions.ProductSearchAddToCartStepDefenation.user_clicks_on_the_from_the_search_results(java.lang.String)&amp#27;[0m
Selected size: XL
Selected color: Black
Entered quantity: 1
  &amp#27;[32mAnd &amp#27;[0m&amp#27;[32mUser selects size, color, and quantity from&amp#27;[0m                                                                                         &amp#27;[90m# com.LUMA.stepDefinitions.ProductSearchAddToCartStepDefenation.user_selects_size_color_and_quantity_from(io.cucumber.datatable.DataTable)&amp#27;[0m
    | ExcelData.xlsx |
Clicked on Add to Cart button
  &amp#27;[32mAnd &amp#27;[0m&amp#27;[32mUser clicks the Add to Cart button&amp#27;[0m                                                                                                  &amp#27;[90m# com.LUMA.stepDefinitions.ProductSearchAddToCartStepDefenation.user_clicks_the_add_to_cart_button()&amp#27;[0m
Cart message: You added Typhon Performance Fleece-lined Jacket to your shopping cart.
  &amp#27;[32mThen &amp#27;[0m&amp#27;[32mVerify whether the product is added to cart with message &amp#27;[0m&amp#27;[32m&amp#27;[1m'You added Typhon Performance Fleece-lined Jacket to your shopping cart.'&amp#27;[0m &amp#27;[90m# com.LUMA.stepDefinitions.ProductSearchAddToCartStepDefenation.verify_whether_the_product_is_added_to_cart_with_message(java.lang.String)&amp#27;[0m
Browser closed successfully
]]></system-out>
    <system-err><![CDATA[Mar 26, 2025 9:40:03 AM org.openqa.selenium.devtools.CdpVersionFinder findNearestMatch
WARNING: Unable to find an exact match for CDP version 134, returning the closest version; found: 133; Please update to a Selenium version that supports CDP version 134
]]></system-err>
  </testcase>
  <testcase name="runScenario[&quot;To check the Login functionality with valid and invalid credentials&quot;, &quot;Checking Login with Valid and Invalid Credentials&quot;](3)" classname="com.LUMA.testRunner.LumaUserRegestrationTestRunner" time="20.495">
    <system-out><![CDATA[
Scenario Outline: To check the Login functionality with valid and invalid credentials                                                                &amp#27;[90m# src/test/resources/com.Luma.Feature/4s_login_valid_invalid.feature:17&amp#27;[0m
chrome Browser launched successfully
  &amp#27;[32mGiven &amp#27;[0m&amp#27;[32mUser opens the browser&amp#27;[0m                                                                                                                       &amp#27;[90m# com.LUMA.stepDefinitions.UserRegestritionStepDefination.user_opens_the_browser()&amp#27;[0m
Navigated to: https://magento.softwaretestingboard.com/ 
  &amp#27;[32mAnd &amp#27;[0m&amp#27;[32mUser navigates to the application URL &amp#27;[0m&amp#27;[32m&amp#27;[1m"https://magento.softwaretestingboard.com/"&amp#27;[0m                                                              &amp#27;[90m# com.LUMA.stepDefinitions.UserRegestritionStepDefination.user_navigates_to_the_application_url(java.lang.String)&amp#27;[0m
Clicked on Sign In link
  &amp#27;[32mWhen &amp#27;[0m&amp#27;[32mUser clicks the link &amp#27;[0m&amp#27;[32m&amp#27;[1m"Sign In"&amp#27;[0m                                                                                                                &amp#27;[90m# com.LUMA.stepDefinitions.SignINStepdefination.user_clicks_the_link(java.lang.String)&amp#27;[0m
  &amp#27;[32mAnd &amp#27;[0m&amp#27;[32mUser enters invalid email &amp#27;[0m&amp#27;[32m&amp#27;[1m'invalid@gmail.com'&amp#27;[0m&amp#27;[32m and password &amp#27;[0m&amp#27;[32m&amp#27;[1m'Pass@1234'&amp#27;[0m                                                                         &amp#27;[90m# com.LUMA.stepDefinitions.SignINStepdefination.user_enters_invalid_email_and_password(java.lang.String,java.lang.String)&amp#27;[0m
  &amp#27;[32mAnd &amp#27;[0m&amp#27;[32mUser clicks the &amp#27;[0m&amp#27;[32m&amp#27;[1m"Sign In"&amp#27;[0m&amp#27;[32m button&amp#27;[0m                                                                                                               &amp#27;[90m# com.LUMA.stepDefinitions.SignINStepdefination.user_clicks_the_button(java.lang.String)&amp#27;[0m
Error message verified successfully.
  &amp#27;[32mThen &amp#27;[0m&amp#27;[32mUser verifies the error message &amp#27;[0m&amp#27;[32m&amp#27;[1m"The account sign-in was incorrect or your account is disabled temporarily. Please wait and try again later."&amp#27;[0m &amp#27;[90m# com.LUMA.stepDefinitions.SignINStepdefination.user_verifies_the_error_message(java.lang.String)&amp#27;[0m
  &amp#27;[32mWhen &amp#27;[0m&amp#27;[32mUser enters valid credentials from&amp#27;[0m                                                                                                            &amp#27;[90m# com.LUMA.stepDefinitions.SignINStepdefination.user_enters_valid_credentials_from(io.cucumber.datatable.DataTable)&amp#27;[0m
    | ExcelData.xlsx |
  &amp#27;[32mAnd &amp#27;[0m&amp#27;[32mUser clicks the &amp#27;[0m&amp#27;[32m&amp#27;[1m"Sign In"&amp#27;[0m&amp#27;[32m button&amp#27;[0m                                                                                                               &amp#27;[90m# com.LUMA.stepDefinitions.SignINStepdefination.user_clicks_the_button(java.lang.String)&amp#27;[0m
Homepage text: Home Page
Login successful and 'My Account' page is displayed.
  &amp#27;[32mThen &amp#27;[0m&amp#27;[32mUser verifies that &amp#27;[0m&amp#27;[32m&amp#27;[1m"Home Page"&amp#27;[0m&amp#27;[32m is displayed after login&amp#27;[0m                                                                                       &amp#27;[90m# com.LUMA.stepDefinitions.SignINStepdefination.user_verifies_that_is_displayed_after_login(java.lang.String)&amp#27;[0m
Browser closed successfully
]]></system-out>
    <system-err><![CDATA[Mar 26, 2025 9:40:34 AM org.openqa.selenium.devtools.CdpVersionFinder findNearestMatch
WARNING: Unable to find an exact match for CDP version 134, returning the closest version; found: 133; Please update to a Selenium version that supports CDP version 134
]]></system-err>
  </testcase>
  <testcase name="runScenario[&quot;Adding Multiple Products to Cart &amp; Validating Cart Summary&quot;, &quot;Adding Multiple Products to Cart &amp; Validating Cart Summary&quot;](4)" classname="com.LUMA.testRunner.LumaUserRegestrationTestRunner" time="58.651">
    <system-out><![CDATA[
Scenario Outline: Adding Multiple Products to Cart & Validating Cart Summary                                                                &amp#27;[90m# src/test/resources/com.Luma.Feature/5s_AddMultipleProducts.feature:30&amp#27;[0m
chrome Browser launched successfully
  &amp#27;[32mGiven &amp#27;[0m&amp#27;[32mUser opens the browser&amp#27;[0m                                                                                                              &amp#27;[90m# com.LUMA.stepDefinitions.UserRegestritionStepDefination.user_opens_the_browser()&amp#27;[0m
Navigated to: https://magento.softwaretestingboard.com/ 
  &amp#27;[32mAnd &amp#27;[0m&amp#27;[32mUser navigates to the application URL &amp#27;[0m&amp#27;[32m&amp#27;[1m"https://magento.softwaretestingboard.com/"&amp#27;[0m                                                     &amp#27;[90m# com.LUMA.stepDefinitions.UserRegestritionStepDefination.user_navigates_to_the_application_url(java.lang.String)&amp#27;[0m
Clicked on Sign In link
  &amp#27;[32mWhen &amp#27;[0m&amp#27;[32mUser clicks the &amp#27;[0m&amp#27;[32m&amp#27;[1m"Sign In"&amp#27;[0m&amp#27;[32m link on the homepage&amp#27;[0m                                                                                       &amp#27;[90m# com.LUMA.stepDefinitions.ProductSearchAddToCartStepDefenation.user_clicks_the_link_on_the_homepage(java.lang.String)&amp#27;[0m
  &amp#27;[32mAnd &amp#27;[0m&amp#27;[32mUser enters the valid Login Credentials&amp#27;[0m                                                                                               &amp#27;[90m# com.LUMA.stepDefinitions.ProductSearchAddToCartStepDefenation.user_enters_the_valid_login_credentials(io.cucumber.datatable.DataTable)&amp#27;[0m
    | ExcelData.xlsx |
  &amp#27;[32mAnd &amp#27;[0m&amp#27;[32mUser clicks the &amp#27;[0m&amp#27;[32m&amp#27;[1m"Sign In"&amp#27;[0m&amp#27;[32m button&amp#27;[0m                                                                                                      &amp#27;[90m# com.LUMA.stepDefinitions.SignINStepdefination.user_clicks_the_button(java.lang.String)&amp#27;[0m
  &amp#27;[32mAnd &amp#27;[0m&amp#27;[32mUser clear the cart elements&amp#27;[0m                                                                                                          &amp#27;[90m# com.LUMA.stepDefinitions.AddingMultipleProductsStepDefination.user_clear_the_cart_elements()&amp#27;[0m
Entered search query: Jacket
  &amp#27;[32mAnd &amp#27;[0m&amp#27;[32mUser enters the data jacket &amp#27;[0m&amp#27;[32m&amp#27;[1m"Jacket"&amp#27;[0m&amp#27;[32m in the search textbox&amp#27;[0m                                                                            &amp#27;[90m# com.LUMA.stepDefinitions.AddingMultipleProductsStepDefination.user_enters_the_data_jacket_in_the_search_textbox(java.lang.String)&amp#27;[0m
jacket
Jacket for men
  &amp#27;[32mAnd &amp#27;[0m&amp#27;[32mUser selects jacket for men from the auto-suggestion list  &amp#27;[0m&amp#27;[32m&amp#27;[1m'Jacket for men'&amp#27;[0m                                                           &amp#27;[90m# com.LUMA.stepDefinitions.AddingMultipleProductsStepDefination.user_selects_jacket_for_men_from_the_auto_suggestion_list(java.lang.String)&amp#27;[0m
Found suggestion: Adrienne Trek Jacket
Found suggestion: Inez Full Zip Jacket
Found suggestion: Riona Full Zip Jacket
Found suggestion: Josie Yoga Jacket
Found suggestion: Typhon Performance Fleece-lined Jacket
Product found and clicked: Typhon Performance Fleece-lined Jacket
  &amp#27;[32mAnd &amp#27;[0m&amp#27;[32mUser clicks on the &amp#27;[0m&amp#27;[32m&amp#27;[1m'Typhon Performance Fleece-lined Jacket'&amp#27;[0m&amp#27;[32m  from the search results&amp#27;[0m                                                  &amp#27;[90m# com.LUMA.stepDefinitions.ProductSearchAddToCartStepDefenation.user_clicks_on_the_from_the_search_results(java.lang.String)&amp#27;[0m
Selected size: XL
Selected color: Black
Entered quantity: 1
  &amp#27;[32mAnd &amp#27;[0m&amp#27;[32mUser selects size, color, and quantity from&amp#27;[0m                                                                                           &amp#27;[90m# com.LUMA.stepDefinitions.ProductSearchAddToCartStepDefenation.user_selects_size_color_and_quantity_from(io.cucumber.datatable.DataTable)&amp#27;[0m
    | ExcelData.xlsx |
Clicked on Add to Cart button
  &amp#27;[32mAnd &amp#27;[0m&amp#27;[32mUser clicks the Add to Cart button&amp#27;[0m                                                                                                    &amp#27;[90m# com.LUMA.stepDefinitions.ProductSearchAddToCartStepDefenation.user_clicks_the_add_to_cart_button()&amp#27;[0m
Cart message: You added Typhon Performance Fleece-lined Jacket to your shopping cart.
  &amp#27;[32mThen &amp#27;[0m&amp#27;[32mVerify whether the product is added to cart with message &amp#27;[0m&amp#27;[32m&amp#27;[1m'You added Typhon Performance Fleece-lined Jacket to your shopping cart.'&amp#27;[0m   &amp#27;[90m# com.LUMA.stepDefinitions.ProductSearchAddToCartStepDefenation.verify_whether_the_product_is_added_to_cart_with_message(java.lang.String)&amp#27;[0m
Entered search query: tshirts
  &amp#27;[32mAnd &amp#27;[0m&amp#27;[32mUser enters the data jackets &amp#27;[0m&amp#27;[32m&amp#27;[1m"tshirts"&amp#27;[0m&amp#27;[32m in the search textbox&amp#27;[0m                                                                          &amp#27;[90m# com.LUMA.stepDefinitions.AddingMultipleProductsStepDefination.user_enters_the_data_jackets_in_the_search_textbox(java.lang.String)&amp#27;[0m
tshirts for men
tshirts for women
tshirts for man
  &amp#27;[32mAnd &amp#27;[0m&amp#27;[32mUser selects tshirts for man from the auto-suggestion list  &amp#27;[0m&amp#27;[32m&amp#27;[1m'tshirts for man'&amp#27;[0m                                                         &amp#27;[90m# com.LUMA.stepDefinitions.AddingMultipleProductsStepDefination.user_selects_tshirts_for_man_from_the_auto_suggestion_list(java.lang.String)&amp#27;[0m
Found suggestion: Riona Full Zip Jacket
Found suggestion: Atomic Endurance Running Tee (Crew-Neck)
Product found and clicked: Atomic Endurance Running Tee (Crew-Neck)
  &amp#27;[32mAnd &amp#27;[0m&amp#27;[32mUser clicks on the &amp#27;[0m&amp#27;[32m&amp#27;[1m'Atomic Endurance Running Tee (Crew-Neck)'&amp#27;[0m&amp#27;[32m  from the search results&amp#27;[0m                                                &amp#27;[90m# com.LUMA.stepDefinitions.ProductSearchAddToCartStepDefenation.user_clicks_on_the_from_the_search_results(java.lang.String)&amp#27;[0m
Selected size: XL
Selected color: Black
Entered quantity: 1
  &amp#27;[32mAnd &amp#27;[0m&amp#27;[32mUser selects size, color, and quantity from&amp#27;[0m                                                                                           &amp#27;[90m# com.LUMA.stepDefinitions.ProductSearchAddToCartStepDefenation.user_selects_size_color_and_quantity_from(io.cucumber.datatable.DataTable)&amp#27;[0m
    | ExcelData.xlsx |
Clicked on Add to Cart button
  &amp#27;[32mAnd &amp#27;[0m&amp#27;[32mUser clicks the Add to Cart button&amp#27;[0m                                                                                                    &amp#27;[90m# com.LUMA.stepDefinitions.ProductSearchAddToCartStepDefenation.user_clicks_the_add_to_cart_button()&amp#27;[0m
Cart message: You added Atomic Endurance Running Tee (Crew-Neck) to your shopping cart.
  &amp#27;[32mThen &amp#27;[0m&amp#27;[32mVerify whether the product is added to cart with message &amp#27;[0m&amp#27;[32m&amp#27;[1m'You added Atomic Endurance Running Tee (Crew-Neck) to your shopping cart.'&amp#27;[0m &amp#27;[90m# com.LUMA.stepDefinitions.ProductSearchAddToCartStepDefenation.verify_whether_the_product_is_added_to_cart_with_message(java.lang.String)&amp#27;[0m
Clicked on Add to Cart Symbol
  &amp#27;[32mAnd &amp#27;[0m&amp#27;[32mUser click on cart icon&amp#27;[0m                                                                                                               &amp#27;[90m# com.LUMA.stepDefinitions.AddingMultipleProductsStepDefination.user_click_on_cart_icon()&amp#27;[0m
Cart Amount: $89.00
Cart Total: $89.00
  &amp#27;[32mThen &amp#27;[0m&amp#27;[32mVerify whether the products are added to cart with message and total price &amp#27;[0m&amp#27;[32m&amp#27;[1m"$89.00"&amp#27;[0m                                                  &amp#27;[90m# com.LUMA.stepDefinitions.AddingMultipleProductsStepDefination.verify_whether_the_products_are_added_to_cart_with_message_and_total_price(java.lang.String)&amp#27;[0m
Browser closed successfully
]]></system-out>
    <system-err><![CDATA[Mar 26, 2025 9:40:55 AM org.openqa.selenium.devtools.CdpVersionFinder findNearestMatch
WARNING: Unable to find an exact match for CDP version 134, returning the closest version; found: 133; Please update to a Selenium version that supports CDP version 134
]]></system-err>
  </testcase>
  <testcase name="runScenario[&quot;To check the Logout functionality&quot;, &quot;Checking Logout Functionality&quot;](5)" classname="com.LUMA.testRunner.LumaUserRegestrationTestRunner" time="25.814">
    <system-out><![CDATA[
Scenario Outline: To check the Logout functionality                                     &amp#27;[90m# src/test/resources/com.Luma.Feature/6s_logout.feature:15&amp#27;[0m
chrome Browser launched successfully
  &amp#27;[32mGiven &amp#27;[0m&amp#27;[32mUser opens the browser&amp#27;[0m                                                          &amp#27;[90m# com.LUMA.stepDefinitions.UserRegestritionStepDefination.user_opens_the_browser()&amp#27;[0m
Navigated to: https://magento.softwaretestingboard.com/ 
  &amp#27;[32mAnd &amp#27;[0m&amp#27;[32mUser navigates to the application URL &amp#27;[0m&amp#27;[32m&amp#27;[1m"https://magento.softwaretestingboard.com/"&amp#27;[0m &amp#27;[90m# com.LUMA.stepDefinitions.UserRegestritionStepDefination.user_navigates_to_the_application_url(java.lang.String)&amp#27;[0m
Clicked on Sign In link
  &amp#27;[32mWhen &amp#27;[0m&amp#27;[32mUser clicks the link &amp#27;[0m&amp#27;[32m&amp#27;[1m"Sign In"&amp#27;[0m                                                   &amp#27;[90m# com.LUMA.stepDefinitions.SignINStepdefination.user_clicks_the_link(java.lang.String)&amp#27;[0m
User logged in with valid credentials
  &amp#27;[32mAnd &amp#27;[0m&amp#27;[32mUser enters valid email &amp#27;[0m&amp#27;[32m&amp#27;[1m'srikarsugu3@gmail.com'&amp#27;[0m&amp#27;[32m and password &amp#27;[0m&amp#27;[32m&amp#27;[1m'Pass@1234'&amp#27;[0m          &amp#27;[90m# com.LUMA.stepDefinitions.LogOutStepDefination.user_enters_valid_email_and_password(java.lang.String,java.lang.String)&amp#27;[0m
  &amp#27;[32mAnd &amp#27;[0m&amp#27;[32mUser clicks the &amp#27;[0m&amp#27;[32m&amp#27;[1m"Sign In"&amp#27;[0m&amp#27;[32m button&amp#27;[0m                                                  &amp#27;[90m# com.LUMA.stepDefinitions.SignINStepdefination.user_clicks_the_button(java.lang.String)&amp#27;[0m
Clicked on account dropdown
Clicked on logout
User clicked on Logout from My Account page
  &amp#27;[32mWhen &amp#27;[0m&amp#27;[32mUser clicks &amp#27;[0m&amp#27;[32m&amp#27;[1m"Logout"&amp#27;[0m&amp#27;[32m from &amp#27;[0m&amp#27;[32m&amp#27;[1m"My Account"&amp#27;[0m&amp#27;[32m  page&amp#27;[0m                                     &amp#27;[90m# com.LUMA.stepDefinitions.LogOutStepDefination.user_clicks_from_page(java.lang.String,java.lang.String)&amp#27;[0m
You are signed out
Session ended and user redirected to homepage
  &amp#27;[32mThen &amp#27;[0m&amp#27;[32mUser verifies that the session ends and the user is redirected to the homepage&amp#27;[0m   &amp#27;[90m# com.LUMA.stepDefinitions.LogOutStepDefination.user_verifies_that_the_session_ends_and_the_user_is_redirected_to_the_homepage()&amp#27;[0m
Home Page is displayed successfully
  &amp#27;[32mAnd &amp#27;[0m&amp#27;[32mUser verifies the &amp#27;[0m&amp#27;[32m&amp#27;[1m"Home Page"&amp#27;[0m&amp#27;[32m is displayed&amp#27;[0m                                        &amp#27;[90m# com.LUMA.stepDefinitions.LogOutStepDefination.user_verifies_the_is_displayed(java.lang.String)&amp#27;[0m
Browser closed successfully
]]></system-out>
    <system-err><![CDATA[Mar 26, 2025 9:41:53 AM org.openqa.selenium.devtools.CdpVersionFinder findNearestMatch
WARNING: Unable to find an exact match for CDP version 134, returning the closest version; found: 133; Please update to a Selenium version that supports CDP version 134
]]></system-err>
  </testcase>
</testsuite>