<?xml version="1.0" encoding="UTF-8"?>
<!-- Generated by org.testng.reporters.JUnitReportReporter -->
<testsuite hostname="God-of-Mischeif" failures="0" tests="1" name="com.LUMA.testRunner.LumaProductSearchAddToCartTestRunner" time="63.203" errors="0" timestamp="2025-03-22T17:24:58 IST" skipped="0">
  <testcase classname="com.LUMA.testRunner.LumaProductSearchAddToCartTestRunner" name="runScenario" time="63.203"/>
</testsuite> <!-- com.LUMA.testRunner.LumaProductSearchAddToCartTestRunner -->
