<?xml version="1.0" encoding="UTF-8"?>
<!-- Generated by org.testng.reporters.JUnitReportReporter -->
<testsuite hostname="God-of-Mischeif" failures="0" tests="1" name="com.LUMA.testRunner.LumaSignInTestRunner" time="19.526" errors="0" timestamp="2025-03-19T13:59:34 IST" skipped="0">
  <testcase classname="com.LUMA.testRunner.LumaSignInTestRunner" name="runScenario" time="19.526"/>
</testsuite> <!-- com.LUMA.testRunner.LumaSignInTestRunner -->
