<?xml version="1.0" encoding="UTF-8"?>
<!-- Generated by org.testng.reporters.JUnitReportReporter -->
<testsuite hostname="God-of-Mischeif" failures="0" tests="1" name="com.LUMA.testRunner.LumaAddingMultipleProductsTestRunner" time="65.916" errors="0" timestamp="2025-03-23T18:12:49 IST" skipped="0">
  <testcase classname="com.LUMA.testRunner.LumaAddingMultipleProductsTestRunner" name="runScenario" time="65.916"/>
</testsuite> <!-- com.LUMA.testRunner.LumaAddingMultipleProductsTestRunner -->
