<?xml version="1.0" encoding="UTF-8"?>
<!-- Generated by org.testng.reporters.JUnitReportReporter -->
<testsuite hostname="Asusf15" failures="0" tests="1" name="com.LUMA.testRunner.LumaAddMultipleProductsTestRunner" time="222.287" errors="0" timestamp="2025-03-22T10:33:59 IST" skipped="0">
  <testcase classname="com.LUMA.testRunner.LumaAddMultipleProductsTestRunner" name="runScenario" time="222.287"/>
</testsuite> <!-- com.LUMA.testRunner.LumaAddMultipleProductsTestRunner -->
