<?xml version="1.0" encoding="UTF-8"?>
<!-- Generated by org.testng.reporters.JUnitReportReporter -->
<testsuite hostname="God-of-Mischeif" failures="0" tests="1" name="com.LUMA.testRunner.LumaLogOutTestRunner" time="59.202" errors="0" timestamp="2025-03-22T18:11:50 IST" skipped="0">
  <testcase classname="com.LUMA.testRunner.LumaLogOutTestRunner" name="runScenario" time="59.202"/>
</testsuite> <!-- com.LUMA.testRunner.LumaLogOutTestRunner -->
