<?xml version="1.0" encoding="UTF-8"?>
<!-- Generated by org.testng.reporters.JUnitReportReporter -->
<testsuite hostname="God-of-Mischeif" failures="0" tests="1" name="com.LUMA.testRunner.LumaTestNgTestRunner" time="20.533" errors="0" timestamp="2025-03-19T12:07:06 IST" skipped="0">
  <testcase classname="com.LUMA.testRunner.LumaTestNgTestRunner" name="runScenario" time="20.533"/>
</testsuite> <!-- com.LUMA.testRunner.LumaTestNgTestRunner -->
