<?xml version="1.0" encoding="UTF-8"?>
<!-- Generated by org.testng.reporters.JUnitReportReporter -->
<testsuite hostname="God-of-Mischeif" failures="0" tests="5" name="com.LUMA.testRunner.LumaUserRegestrationTestRunner" time="155.747" errors="0" timestamp="2025-03-26T09:42:18 IST" skipped="0">
  <testcase classname="com.LUMA.testRunner.LumaUserRegestrationTestRunner" name="runScenario" time="58.632"/>
  <testcase classname="com.LUMA.testRunner.LumaUserRegestrationTestRunner" name="runScenario" time="19.469"/>
  <testcase classname="com.LUMA.testRunner.LumaUserRegestrationTestRunner" name="runScenario" time="20.486"/>
  <testcase classname="com.LUMA.testRunner.LumaUserRegestrationTestRunner" name="runScenario" time="31.345"/>
  <testcase classname="com.LUMA.testRunner.LumaUserRegestrationTestRunner" name="runScenario" time="25.815"/>
</testsuite> <!-- com.LUMA.testRunner.LumaUserRegestrationTestRunner -->
