<?xml version="1.0" encoding="UTF-8"?>
<!-- Generated by org.testng.reporters.JUnitReportReporter -->
<testsuite hostname="God-of-Mischeif" failures="0" tests="1" name="com.LUMA.testRunner.LumaLoginTestRunner" time="47.528" errors="0" timestamp="2025-03-22T11:29:38 IST" skipped="0">
  <testcase classname="com.LUMA.testRunner.LumaLoginTestRunner" name="runScenario" time="47.528"/>
</testsuite> <!-- com.LUMA.testRunner.LumaLoginTestRunner -->
